1609657088936	mozrunner::runner	INFO	Running command: "C:\\Program Files\\Mozilla Firefox\\firefox.exe" "-marionette" "-foreground" "-no-remote" "-profile" "C:\\Users\\Maulana\\AppData\\Local\\Temp\\rust_mozprofile4o7CBn"
JavaScript error: resource://gre/modules/XULStore.jsm, line 66: Error: Can't find profile directory.
console.warn: SearchSettings: "get: No settings file exists, new profile?" (new Error("", "(unknown module)"))
1609657090909	Marionette	INFO	Listening on port 49623
1609657091013	Marionette	WARN	TLS certificate errors will be ignored for this session
1609657557807	Marionette	INFO	Stopped listening on port 49623
ram Files\\Mozilla Firefox\\firefox.exe" "-marionette" "-foreground" "-no-remote" "-profile" "C:\\Users\\Maulana\\AppData\\Local\\Temp\\rust_mozprofile7lUZha"
JavaScript error: resource://gre/modules/XULStore.jsm, line 66: Error: Can't find profile directory.
console.warn: SearchSettings: "get: No settings file exists, new profile?" (new Error("", "(unknown module)"))
1609657187992	Marionette	INFO	Listening on port 49704
1609657188087	Marionette	WARN	TLS certificate errors will be ignored for this session
1609657206413	Marionette	WARN	TimedPromise timed out after 500 ms: stacktrace:
TimedPromise/<@chrome://marionette/content/sync.js:235:19
TimedPromise@chrome://marionette/content/sync.js:220:10
interaction.flushEventLoop@chrome://marionette/content/interaction.js:418:10
webdriverClickElement@chrome://marionette/content/interaction.js:179:31
1609657461619	Marionette	INFO	Stopped listening on port 49704

###!!! [Child][RunMessage] Error: Channel closing: too late to send/recv, messages will be lost

rs\\Maulana\\AppData\\Local\\Temp\\rust_mozprofilevYO3fU"
JavaScript error: resource://gre/modules/XULStore.jsm, line 66: Error: Can't find profile directory.
console.warn: SearchSettings: "get: No settings file exists, new profile?" (new Error("", "(unknown module)"))
1609657355674	Marionette	INFO	Listening on port 49787
1609657355761	Marionette	WARN	TLS certificate errors will be ignored for this session
1609657360603	Marionette	INFO	Stopped listening on port 49787

###!!! [Child][RunMessage] Error: Channel closing: too late to send/recv, messages will be lost

1609657418362	mozrunner::runner	INFO	Running command: "C:\\Program Files\\Mozilla Firefox\\firefox.exe" "-marionette" "-foreground" "-no-remote" "-profile" "C:\\Users\\Maulana\\AppData\\Local\\Temp\\rust_mozprofile2TAK77"
JavaScript error: resource://gre/modules/XULStore.jsm, line 66: Error: Can't find profile directory.
console.warn: SearchSettings: "get: No settings file exists, new profile?" (new Error("", "(unknown module)"))
1609657420421	Marionette	INFO	Listening on port 49846
1609657420472	Marionette	WARN	TLS certificate errors will be ignored for this session
1609657436561	Marionette	WARN	TimedPromise timed out after 500 ms: stacktrace:
TimedPromise/<@chrome://marionette/content/sync.js:235:19
TimedPromise@chrome://marionette/content/sync.js:220:10
interaction.flushEventLoop@chrome://marionette/content/interaction.js:418:10
webdriverClickElement@chrome://marionette/content/interaction.js:179:31
1609657557093	Marionette	INFO	Stopped listening on port 49846

###!!! [Child][RunMessage] Error: Channel closing: too late to send/recv, messages will be lost

rs\\Maulana\\AppData\\Local\\Temp\\rust_mozprofileXA7egE"
JavaScript error: resource://gre/modules/XULStore.jsm, line 66: Error: Can't find profile directory.
console.warn: SearchSettings: "get: No settings file exists, new profile?" (new Error("", "(unknown module)"))
1609657445646	Marionette	INFO	Listening on port 49909
1609657445687	Marionette	WARN	TLS certificate errors will be ignored for this session
1609657458585	Marionette	INFO	Stopped listening on port 49909
1609657561950	mozrunner::runner	INFO	Running command: "C:\\Program Files\\Mozilla Firefox\\firefox.exe" "-marionette" "-foreground" "-no-remote" "-profile" "C:\\Users\\Maulana\\AppData\\Local\\Temp\\rust_mozprofile6wb57s"
JavaScript error: resource://gre/modules/XULStore.jsm, line 66: Error: Can't find profile directory.
console.warn: SearchSettings: "get: No settings file exists, new profile?" (new Error("", "(unknown module)"))
1609657563963	Marionette	INFO	Listening on port 49984
1609657564040	Marionette	WARN	TLS certificate errors will be ignored for this session
1609657583252	Marionette	INFO	Stopped listening on port 49984

###!!! [Child][RunMessage] Error: Channel closing: too late to send/recv, messages will be lost

1609657584751	mozrunner::runner	INFO	Running command: "C:\\Program Files\\Mozilla Firefox\\firefox.exe" "-marionette" "-foreground" "-no-remote" "-profile" "C:\\Users\\Maulana\\AppData\\Local\\Temp\\rust_mozprofile2wBXCO"
JavaScript error: resource://gre/modules/XULStore.jsm, line 66: Error: Can't find profile directory.
console.warn: SearchSettings: "get: No settings file exists, new profile?" (new Error("", "(unknown module)"))
1609657587108	Marionette	INFO	Listening on port 50051
1609657587500	Marionette	WARN	TLS certificate errors will be ignored for this session
1609657614696	Marionette	INFO	Stopped listening on port 50051

###!!! [Child][RunMessage] Error: Channel closing: too late to send/recv, messages will be lost

1609658226305	mozrunner::runner	INFO	Running command: "C:\\Program Files\\Mozilla Firefox\\firefox.exe" "-marionette" "-foreground" "-no-remote" "-profile" "C:\\Users\\Maulana\\AppData\\Local\\Temp\\rust_mozprofilesJYmfm"
JavaScript error: resource://gre/modules/XULStore.jsm, line 66: Error: Can't find profile directory.
console.warn: SearchSettings: "get: No settings file exists, new profile?" (new Error("", "(unknown module)"))
1609658228158	Marionette	INFO	Listening on port 50466
1609658228363	Marionette	WARN	TLS certificate errors will be ignored for this session
1609658245904	Marionette	INFO	Stopped listening on port 50466

###!!! [Child][RunMessage] Error: Channel closing: too late to send/recv, messages will be lost

1609658247330	mozrunner::runner	INFO	Running command: "C:\\Program Files\\Mozilla Firefox\\firefox.exe" "-marionette" "-foreground" "-no-remote" "-profile" "C:\\Users\\Maulana\\AppData\\Local\\Temp\\rust_mozprofilenNZx4g"
JavaScript error: resource://gre/modules/XULStore.jsm, line 66: Error: Can't find profile directory.
console.warn: SearchSettings: "get: No settings file exists, new profile?" (new Error("", "(unknown module)"))
1609658249279	Marionette	INFO	Listening on port 50528
1609658249420	Marionette	WARN	TLS certificate errors will be ignored for this session
1609658253520	Marionette	INFO	Stopped listening on port 50528

###!!! [Child][RunMessage] Error: Channel closing: too late to send/recv, messages will be lost

1609658254778	mozrunner::runner	INFO	Running command: "C:\\Program Files\\Mozilla Firefox\\firefox.exe" "-marionette" "-foreground" "-no-remote" "-profile" "C:\\Users\\Maulana\\AppData\\Local\\Temp\\rust_mozprofilez4CHvV"
JavaScript error: resource://gre/modules/XULStore.jsm, line 66: Error: Can't find profile directory.
console.warn: SearchSettings: "get: No settings file exists, new profile?" (new Error("", "(unknown module)"))
1609658256643	Marionette	INFO	Listening on port 50584
1609658256851	Marionette	WARN	TLS certificate errors will be ignored for this session
Can't find symbol 'eglSwapBuffersWithDamageEXT'.
Can't find symbol 'eglSetDamageRegionKHR'.
JavaScript error: resource://gre/actors/AutoCompleteChild.jsm, line 125: Error: Invalid autocomplete selectedIndex
JavaScript error: resource://gre/actors/AutoCompleteChild.jsm, line 125: Error: Invalid autocomplete selectedIndex
JavaScript error: resource://gre/modules/LoginManagerChild.jsm, line 190: NS_ERROR_XPC_JAVASCRIPT_ERROR_WITH_DETAILS: [JavaScript Error: "Invalid autocomplete selectedIndex" {file: "resource://gre/actors/AutoCompleteChild.jsm" line: 125}]'[JavaScript Error: "Invalid autocomplete selectedIndex" {file: "resource://gre/actors/AutoCompleteChild.jsm" line: 125}]' when calling method: [nsIAutoCompletePopup::selectedIndex]
1609659104651	Marionette	INFO	Stopped listening on port 50584

###!!! [Child][RunMessage] Error: Channel closing: too late to send/recv, messages will be lost

rs\\Maulana\\AppData\\Local\\Temp\\rust_mozprofile9BNj2G"
JavaScript error: resource://gre/modules/XULStore.jsm, line 66: Error: Can't find profile directory.
console.warn: SearchSettings: "get: No settings file exists, new profile?" (new Error("", "(unknown module)"))
1609658406967	Marionette	INFO	Listening on port 50670
1609658407176	Marionette	WARN	TLS certificate errors will be ignored for this session
1609658429474	Marionette	INFO	Stopped listening on port 50670

###!!! [Child][RunMessage] Error: Channel closing: too late to send/recv, messages will be lost

1609658430893	mozrunner::runner	INFO	Running command: "C:\\Program Files\\Mozilla Firefox\\firefox.exe" "-marionette" "-foreground" "-no-remote" "-profile" "C:\\Users\\Maulana\\AppData\\Local\\Temp\\rust_mozprofileymf1hG"
JavaScript error: resource://gre/modules/XULStore.jsm, line 66: Error: Can't find profile directory.
console.warn: SearchSettings: "get: No settings file exists, new profile?" (new Error("", "(unknown module)"))
1609658432747	Marionette	INFO	Listening on port 50734
1609658432973	Marionette	WARN	TLS certificate errors will be ignored for this session
1609658436939	Marionette	INFO	Stopped listening on port 50734

###!!! [Child][RunMessage] Error: Channel closing: too late to send/recv, messages will be lost

1609658439184	mozrunner::runner	INFO	Running command: "C:\\Program Files\\Mozilla Firefox\\firefox.exe" "-marionette" "-foreground" "-no-remote" "-profile" "C:\\Users\\Maulana\\AppData\\Local\\Temp\\rust_mozprofileTNIpE7"
JavaScript error: resource://gre/modules/XULStore.jsm, line 66: Error: Can't find profile directory.
console.warn: SearchSettings: "get: No settings file exists, new profile?" (new Error("", "(unknown module)"))
1609658441064	Marionette	INFO	Listening on port 50789
1609658441258	Marionette	WARN	TLS certificate errors will be ignored for this session
Can't find symbol 'eglSwapBuffersWithDamageEXT'.
Can't find symbol 'eglSetDamageRegionKHR'.
JavaScript error: resource://gre/actors/AutoCompleteChild.jsm, line 125: Error: Invalid autocomplete selectedIndex
JavaScript error: resource://gre/actors/AutoCompleteChild.jsm, line 125: Error: Invalid autocomplete selectedIndex
JavaScript error: resource://gre/modules/LoginManagerChild.jsm, line 190: NS_ERROR_XPC_JAVASCRIPT_ERROR_WITH_DETAILS: [JavaScript Error: "Invalid autocomplete selectedIndex" {file: "resource://gre/actors/AutoCompleteChild.jsm" line: 125}]'[JavaScript Error: "Invalid autocomplete selectedIndex" {file: "resource://gre/actors/AutoCompleteChild.jsm" line: 125}]' when calling method: [nsIAutoCompletePopup::selectedIndex]
1609658448714	Marionette	INFO	Stopped listening on port 50789

###!!! [Child][RunMessage] Error: Channel closing: too late to send/recv, messages will be lost

1609658449873	mozrunner::runner	INFO	Running command: "C:\\Program Files\\Mozilla Firefox\\firefox.exe" "-marionette" "-foreground" "-no-remote" "-profile" "C:\\Users\\Maulana\\AppData\\Local\\Temp\\rust_mozprofileAFeBqw"
JavaScript error: resource://gre/modules/XULStore.jsm, line 66: Error: Can't find profile directory.
console.warn: SearchSettings: "get: No settings file exists, new profile?" (new Error("", "(unknown module)"))
1609658451761	Marionette	INFO	Listening on port 50855
1609658451984	Marionette	WARN	TLS certificate errors will be ignored for this session
JavaScript error: resource://gre/actors/AutoCompleteChild.jsm, line 125: Error: Invalid autocomplete selectedIndex
JavaScript error: resource://gre/actors/AutoCompleteChild.jsm, line 125: Error: Invalid autocomplete selectedIndex
JavaScript error: resource://gre/modules/LoginManagerChild.jsm, line 190: NS_ERROR_XPC_JAVASCRIPT_ERROR_WITH_DETAILS: [JavaScript Error: "Invalid autocomplete selectedIndex" {file: "resource://gre/actors/AutoCompleteChild.jsm" line: 125}]'[JavaScript Error: "Invalid autocomplete selectedIndex" {file: "resource://gre/actors/AutoCompleteChild.jsm" line: 125}]' when calling method: [nsIAutoCompletePopup::selectedIndex]
1609658474309	Marionette	INFO	Stopped listening on port 50855

###!!! [Child][RunMessage] Error: Channel closing: too late to send/recv, messages will be lost

1609658638849	mozrunner::runner	INFO	Running command: "C:\\Program Files\\Mozilla Firefox\\firefox.exe" "-marionette" "-foreground" "-no-remote" "-profile" "C:\\Users\\Maulana\\AppData\\Local\\Temp\\rust_mozprofileJtyt81"
JavaScript error: resource://gre/modules/XULStore.jsm, line 66: Error: Can't find profile directory.
console.warn: SearchSettings: "get: No settings file exists, new profile?" (new Error("", "(unknown module)"))
1609658640721	Marionette	INFO	Listening on port 50947
1609658640937	Marionette	WARN	TLS certificate errors will be ignored for this session
1609658664176	Marionette	INFO	Stopped listening on port 50947

###!!! [Child][RunMessage] Error: Channel closing: too late to send/recv, messages will be lost

1609658665609	mozrunner::runner	INFO	Running command: "C:\\Program Files\\Mozilla Firefox\\firefox.exe" "-marionette" "-foreground" "-no-remote" "-profile" "C:\\Users\\Maulana\\AppData\\Local\\Temp\\rust_mozprofile2uAIry"
JavaScript error: resource://gre/modules/XULStore.jsm, line 66: Error: Can't find profile directory.
console.warn: SearchSettings: "get: No settings file exists, new profile?" (new Error("", "(unknown module)"))
1609658667575	Marionette	INFO	Listening on port 51016
1609658667692	Marionette	WARN	TLS certificate errors will be ignored for this session
1609658672843	Marionette	INFO	Stopped listening on port 51016

###!!! [Child][RunMessage] Error: Channel closing: too late to send/recv, messages will be lost

1609658673991	mozrunner::runner	INFO	Running command: "C:\\Program Files\\Mozilla Firefox\\firefox.exe" "-marionette" "-foreground" "-no-remote" "-profile" "C:\\Users\\Maulana\\AppData\\Local\\Temp\\rust_mozprofileMddOXz"
JavaScript error: resource://gre/modules/XULStore.jsm, line 66: Error: Can't find profile directory.
console.warn: SearchSettings: "get: No settings file exists, new profile?" (new Error("", "(unknown module)"))
1609658675946	Marionette	INFO	Listening on port 51073
1609658676072	Marionette	WARN	TLS certificate errors will be ignored for this session
Can't find symbol 'eglSwapBuffersWithDamageEXT'.
Can't find symbol 'eglSetDamageRegionKHR'.
JavaScript error: resource://gre/actors/AutoCompleteChild.jsm, line 125: Error: Invalid autocomplete selectedIndex
JavaScript error: resource://gre/actors/AutoCompleteChild.jsm, line 125: Error: Invalid autocomplete selectedIndex
JavaScript error: resource://gre/modules/LoginManagerChild.jsm, line 190: NS_ERROR_XPC_JAVASCRIPT_ERROR_WITH_DETAILS: [JavaScript Error: "Invalid autocomplete selectedIndex" {file: "resource://gre/actors/AutoCompleteChild.jsm" line: 125}]'[JavaScript Error: "Invalid autocomplete selectedIndex" {file: "resource://gre/actors/AutoCompleteChild.jsm" line: 125}]' when calling method: [nsIAutoCompletePopup::selectedIndex]
1609658684072	Marionette	INFO	Stopped listening on port 51073

###!!! [Child][RunMessage] Error: Channel closing: too late to send/recv, messages will be lost

1609658685370	mozrunner::runner	INFO	Running command: "C:\\Program Files\\Mozilla Firefox\\firefox.exe" "-marionette" "-foreground" "-no-remote" "-profile" "C:\\Users\\Maulana\\AppData\\Local\\Temp\\rust_mozprofile4w2426"
JavaScript error: resource://gre/modules/XULStore.jsm, line 66: Error: Can't find profile directory.
console.warn: SearchSettings: "get: No settings file exists, new profile?" (new Error("", "(unknown module)"))
1609658687311	Marionette	INFO	Listening on port 51136
1609658687480	Marionette	WARN	TLS certificate errors will be ignored for this session
JavaScript error: resource://gre/actors/AutoCompleteChild.jsm, line 125: Error: Invalid autocomplete selectedIndex
JavaScript error: resource://gre/actors/AutoCompleteChild.jsm, line 125: Error: Invalid autocomplete selectedIndex
JavaScript error: resource://gre/modules/LoginManagerChild.jsm, line 190: NS_ERROR_XPC_JAVASCRIPT_ERROR_WITH_DETAILS: [JavaScript Error: "Invalid autocomplete selectedIndex" {file: "resource://gre/actors/AutoCompleteChild.jsm" line: 125}]'[JavaScript Error: "Invalid autocomplete selectedIndex" {file: "resource://gre/actors/AutoCompleteChild.jsm" line: 125}]' when calling method: [nsIAutoCompletePopup::selectedIndex]
1609659105391	Marionette	INFO	Stopped listening on port 51136

###!!! [Child][RunMessage] Error: Channel closing: too late to send/recv, messages will be lost

rs\\Maulana\\AppData\\Local\\Temp\\rust_mozprofilesvgzzW"
JavaScript error: resource://gre/modules/XULStore.jsm, line 66: Error: Can't find profile directory.
console.warn: SearchSettings: "get: No settings file exists, new profile?" (new Error("", "(unknown module)"))
1609658721616	Marionette	INFO	Listening on port 51202
1609658721729	Marionette	WARN	TLS certificate errors will be ignored for this session
1609659106280	Marionette	INFO	Stopped listening on port 51202
ram Files\\Mozilla Firefox\\firefox.exe" "-marionette" "-foreground" "-no-remote" "-profile" "C:\\Users\\Maulana\\AppData\\Local\\Temp\\rust_mozprofileTWrd3d"
JavaScript error: resource://gre/modules/XULStore.jsm, line 66: Error: Can't find profile directory.
console.warn: SearchSettings: "get: No settings file exists, new profile?" (new Error("", "(unknown module)"))
1609658782739	Marionette	INFO	Listening on port 51274
1609658782799	Marionette	WARN	TLS certificate errors will be ignored for this session
1609659109047	Marionette	INFO	Stopped listening on port 51274

###!!! [Child][RunMessage] Error: Channel closing: too late to send/recv, messages will be lost

rs\\Maulana\\AppData\\Local\\Temp\\rust_mozprofile7NY2O1"
JavaScript error: resource://gre/modules/XULStore.jsm, line 66: Error: Can't find profile directory.
console.warn: SearchSettings: "get: No settings file exists, new profile?" (new Error("", "(unknown module)"))
1609658839478	Marionette	INFO	Listening on port 51348
1609658839625	Marionette	WARN	TLS certificate errors will be ignored for this session
1609658865369	Marionette	INFO	Stopped listening on port 51348

###!!! [Child][RunMessage] Error: Channel closing: too late to send/recv, messages will be lost

1609658866788	mozrunner::runner	INFO	Running command: "C:\\Program Files\\Mozilla Firefox\\firefox.exe" "-marionette" "-foreground" "-no-remote" "-profile" "C:\\Users\\Maulana\\AppData\\Local\\Temp\\rust_mozprofileo3YTwI"
JavaScript error: resource://gre/modules/XULStore.jsm, line 66: Error: Can't find profile directory.
console.warn: SearchSettings: "get: No settings file exists, new profile?" (new Error("", "(unknown module)"))
1609658868681	Marionette	INFO	Listening on port 51420
1609658868872	Marionette	WARN	TLS certificate errors will be ignored for this session
1609658875392	Marionette	INFO	Stopped listening on port 51420

###!!! [Child][RunMessage] Error: Channel closing: too late to send/recv, messages will be lost

1609658876480	mozrunner::runner	INFO	Running command: "C:\\Program Files\\Mozilla Firefox\\firefox.exe" "-marionette" "-foreground" "-no-remote" "-profile" "C:\\Users\\Maulana\\AppData\\Local\\Temp\\rust_mozprofilevhLRAd"
JavaScript error: resource://gre/modules/XULStore.jsm, line 66: Error: Can't find profile directory.
console.warn: SearchSettings: "get: No settings file exists, new profile?" (new Error("", "(unknown module)"))
1609658878385	Marionette	INFO	Listening on port 51473
1609658878554	Marionette	WARN	TLS certificate errors will be ignored for this session
Can't find symbol 'eglSwapBuffersWithDamageEXT'.
Can't find symbol 'eglSetDamageRegionKHR'.
JavaScript error: resource://gre/actors/AutoCompleteChild.jsm, line 125: Error: Invalid autocomplete selectedIndex
JavaScript error: resource://gre/actors/AutoCompleteChild.jsm, line 125: Error: Invalid autocomplete selectedIndex
JavaScript error: resource://gre/modules/LoginManagerChild.jsm, line 190: NS_ERROR_XPC_JAVASCRIPT_ERROR_WITH_DETAILS: [JavaScript Error: "Invalid autocomplete selectedIndex" {file: "resource://gre/actors/AutoCompleteChild.jsm" line: 125}]'[JavaScript Error: "Invalid autocomplete selectedIndex" {file: "resource://gre/actors/AutoCompleteChild.jsm" line: 125}]' when calling method: [nsIAutoCompletePopup::selectedIndex]
1609658887529	Marionette	INFO	Stopped listening on port 51473

###!!! [Child][RunMessage] Error: Channel closing: too late to send/recv, messages will be lost

1609658888811	mozrunner::runner	INFO	Running command: "C:\\Program Files\\Mozilla Firefox\\firefox.exe" "-marionette" "-foreground" "-no-remote" "-profile" "C:\\Users\\Maulana\\AppData\\Local\\Temp\\rust_mozprofilesLp3w0"
JavaScript error: resource://gre/modules/XULStore.jsm, line 66: Error: Can't find profile directory.
console.warn: SearchSettings: "get: No settings file exists, new profile?" (new Error("", "(unknown module)"))
1609658890759	Marionette	INFO	Listening on port 51541
1609658890900	Marionette	WARN	TLS certificate errors will be ignored for this session
JavaScript error: resource://gre/actors/AutoCompleteChild.jsm, line 125: Error: Invalid autocomplete selectedIndex
JavaScript error: resource://gre/actors/AutoCompleteChild.jsm, line 125: Error: Invalid autocomplete selectedIndex
JavaScript error: resource://gre/modules/LoginManagerChild.jsm, line 190: NS_ERROR_XPC_JAVASCRIPT_ERROR_WITH_DETAILS: [JavaScript Error: "Invalid autocomplete selectedIndex" {file: "resource://gre/actors/AutoCompleteChild.jsm" line: 125}]'[JavaScript Error: "Invalid autocomplete selectedIndex" {file: "resource://gre/actors/AutoCompleteChild.jsm" line: 125}]' when calling method: [nsIAutoCompletePopup::selectedIndex]
1609658911794	Marionette	INFO	Stopped listening on port 51541

###!!! [Child][RunMessage] Error: Channel closing: too late to send/recv, messages will be lost

rs\\Maulana\\AppData\\Local\\Temp\\rust_mozprofileZ7uDU4"
JavaScript error: resource://gre/modules/XULStore.jsm, line 66: Error: Can't find profile directory.
console.warn: SearchSettings: "get: No settings file exists, new profile?" (new Error("", "(unknown module)"))
1609658913052	Marionette	INFO	Listening on port 51608
1609658913570	Marionette	WARN	TLS certificate errors will be ignored for this session
1609659111809	Marionette	INFO	Stopped listening on port 51608
ram Files\\Mozilla Firefox\\firefox.exe" "-marionette" "-foreground" "-no-remote" "-profile" "C:\\Users\\Maulana\\AppData\\Local\\Temp\\rust_mozprofileR6MG8s"
JavaScript error: resource://gre/modules/XULStore.jsm, line 66: Error: Can't find profile directory.
console.warn: SearchSettings: "get: No settings file exists, new profile?" (new Error("", "(unknown module)"))
1609659066318	Marionette	INFO	Listening on port 51720
1609659066529	Marionette	WARN	TLS certificate errors will be ignored for this session
1609659093171	Marionette	INFO	Stopped listening on port 51720

###!!! [Child][RunMessage] Error: Channel closing: too late to send/recv, messages will be lost

1609659114652	mozrunner::runner	INFO	Running command: "C:\\Program Files\\Mozilla Firefox\\firefox.exe" "-marionette" "-foreground" "-no-remote" "-profile" "C:\\Users\\Maulana\\AppData\\Local\\Temp\\rust_mozprofilePhjeGj"
JavaScript error: resource://gre/modules/XULStore.jsm, line 66: Error: Can't find profile directory.
console.warn: SearchSettings: "get: No settings file exists, new profile?" (new Error("", "(unknown module)"))
1609659116556	Marionette	INFO	Listening on port 51792
1609659116737	Marionette	WARN	TLS certificate errors will be ignored for this session

###!!! [Parent][RunMessage] Error: Channel closing: too late to send/recv, messages will be lost

1609660860594	Marionette	INFO	Stopped listening on port 51792

###!!! [Child][RunMessage] Error: Channel closing: too late to send/recv, messages will be lost

Store.jsm, line 66: Error: Can't find profile directory.
console.warn: SearchSettings: "get: No settings file exists, new profile?" (new Error("", "(unknown module)"))
1609659270028	Marionette	INFO	Listening on port 51869
1609659270256	Marionette	WARN	TLS certificate errors will be ignored for this session
1609660861653	Marionette	INFO	Stopped listening on port 51869

###!!! [Child][RunMessage] Error: Channel closing: too late to send/recv, messages will be lost

rs\\Maulana\\AppData\\Local\\Temp\\rust_mozprofile9eSp9P"
JavaScript error: resource://gre/modules/XULStore.jsm, line 66: Error: Can't find profile directory.
console.warn: SearchSettings: "get: No settings file exists, new profile?" (new Error("", "(unknown module)"))
1609659495072	Marionette	INFO	Listening on port 51967
1609659495305	Marionette	WARN	TLS certificate errors will be ignored for this session
JavaScript error: resource://activity-stream/lib/ASRouter.jsm, line 987: NS_ERROR_ILLEGAL_VALUE: Component returned failure code: 0x80070057 (NS_ERROR_ILLEGAL_VALUE) [nsIObserverService.removeObserver]
console.error: Region.jsm: "Error fetching region" (new TypeError("NetworkError when attempting to fetch resource.", ""))
console.error: Region.jsm: "Failed to fetch region" (new Error("NO_RESULT", "resource://gre/modules/Region.jsm", 376))
1609659496693	Marionette	INFO	Stopped listening on port 51967

###!!! [Child][RunMessage] Error: Channel closing: too late to send/recv, messages will be lost

1609659588906	mozrunner::runner	INFO	Running command: "C:\\Program Files\\Mozilla Firefox\\firefox.exe" "-marionette" "-foreground" "-no-remote" "-profile" "C:\\Users\\Maulana\\AppData\\Local\\Temp\\rust_mozprofilechMHQ6"
JavaScript error: resource://gre/modules/XULStore.jsm, line 66: Error: Can't find profile directory.
console.warn: SearchSettings: "get: No settings file exists, new profile?" (new Error("", "(unknown module)"))
1609659590923	Marionette	INFO	Listening on port 52090
1609659590990	Marionette	WARN	TLS certificate errors will be ignored for this session
IPDL protocol error: Handler returned error code!

###!!! [Parent][DispatchAsyncMessage] Error: PLayerTransaction::Msg_ReleaseLayer Processing error: message was deserialized, but the handler returned false (indicating failure)

IPDL protocol error: Handler returned error code!

###!!! [Parent][DispatchAsyncMessage] Error: PLayerTransaction::Msg_ReleaseLayer Processing error: message was deserialized, but the handler returned false (indicating failure)

1609659761642	Marionette	INFO	Stopped listening on port 52090

###!!! [Child][RunMessage] Error: Channel closing: too late to send/recv, messages will be lost

ort 52174

###!!! [Child][RunMessage] Error: Channel closing: too late to send/recv, messages will be lost

1609659723551	mozrunner::runner	INFO	Running command: "C:\\Program Files\\Mozilla Firefox\\firefox.exe" "-marionette" "-foreground" "-no-remote" "-profile" "C:\\Users\\Maulana\\AppData\\Local\\Temp\\rust_mozprofile55d5PG"
JavaScript error: resource://gre/modules/XULStore.jsm, line 66: Error: Can't find profile directory.
console.warn: SearchSettings: "get: No settings file exists, new profile?" (new Error("", "(unknown module)"))
1609659725573	Marionette	INFO	Listening on port 52243
1609659725639	Marionette	WARN	TLS certificate errors will be ignored for this session
1609659751376	Marionette	INFO	Stopped listening on port 52243

###!!! [Child][RunMessage] Error: Channel closing: too late to send/recv, messages will be lost

1609659752796	mozrunner::runner	INFO	Running command: "C:\\Program Files\\Mozilla Firefox\\firefox.exe" "-marionette" "-foreground" "-no-remote" "-profile" "C:\\Users\\Maulana\\AppData\\Local\\Temp\\rust_mozprofileK5bYBP"
JavaScript error: resource://gre/modules/XULStore.jsm, line 66: Error: Can't find profile directory.
console.warn: SearchSettings: "get: No settings file exists, new profile?" (new Error("", "(unknown module)"))
1609659754785	Marionette	INFO	Listening on port 52305
1609659754871	Marionette	WARN	TLS certificate errors will be ignored for this session
1609659760185	Marionette	INFO	Stopped listening on port 52305

###!!! [Child][RunMessage] Error: Channel closing: too late to send/recv, messages will be lost

1609659761450	mozrunner::runner	INFO	Running command: "C:\\Program Files\\Mozilla Firefox\\firefox.exe" "-marionette" "-foreground" "-no-remote" "-profile" "C:\\Users\\Maulana\\AppData\\Local\\Temp\\rust_mozprofilePSqIHG"
JavaScript error: resource://gre/modules/XULStore.jsm, line 66: Error: Can't find profile directory.
console.warn: SearchSettings: "get: No settings file exists, new profile?" (new Error("", "(unknown module)"))
1609659763682	Marionette	INFO	Listening on port 52361
1609659764158	Marionette	WARN	TLS certificate errors will be ignored for this session
Can't find symbol 'eglSwapBuffersWithDamageEXT'.
Can't find symbol 'eglSetDamageRegionKHR'.
JavaScript error: resource://gre/actors/AutoCompleteChild.jsm, line 125: Error: Invalid autocomplete selectedIndex
JavaScript error: resource://gre/actors/AutoCompleteChild.jsm, line 125: Error: Invalid autocomplete selectedIndex
JavaScript error: resource://gre/modules/LoginManagerChild.jsm, line 190: NS_ERROR_XPC_JAVASCRIPT_ERROR_WITH_DETAILS: [JavaScript Error: "Invalid autocomplete selectedIndex" {file: "resource://gre/actors/AutoCompleteChild.jsm" line: 125}]'[JavaScript Error: "Invalid autocomplete selectedIndex" {file: "resource://gre/actors/AutoCompleteChild.jsm" line: 125}]' when calling method: [nsIAutoCompletePopup::selectedIndex]
1609659771826	Marionette	INFO	Stopped listening on port 52361

###!!! [Child][RunMessage] Error: Channel closing: too late to send/recv, messages will be lost

1609659773056	mozrunner::runner	INFO	Running command: "C:\\Program Files\\Mozilla Firefox\\firefox.exe" "-marionette" "-foreground" "-no-remote" "-profile" "C:\\Users\\Maulana\\AppData\\Local\\Temp\\rust_mozprofile1ImOOV"
JavaScript error: resource://gre/modules/XULStore.jsm, line 66: Error: Can't find profile directory.
console.warn: SearchSettings: "get: No settings file exists, new profile?" (new Error("", "(unknown module)"))
1609659776094	Marionette	INFO	Listening on port 52420
1609659776341	Marionette	WARN	TLS certificate errors will be ignored for this session
JavaScript error: resource://gre/actors/AutoCompleteChild.jsm, line 125: Error: Invalid autocomplete selectedIndex
JavaScript error: resource://gre/actors/AutoCompleteChild.jsm, line 125: Error: Invalid autocomplete selectedIndex
JavaScript error: resource://gre/modules/LoginManagerChild.jsm, line 190: NS_ERROR_XPC_JAVASCRIPT_ERROR_WITH_DETAILS: [JavaScript Error: "Invalid autocomplete selectedIndex" {file: "resource://gre/actors/AutoCompleteChild.jsm" line: 125}]'[JavaScript Error: "Invalid autocomplete selectedIndex" {file: "resource://gre/actors/AutoCompleteChild.jsm" line: 125}]' when calling method: [nsIAutoCompletePopup::selectedIndex]
1609660863167	Marionette	INFO	Stopped listening on port 52420

###!!! [Child][RunMessage] Error: Channel closing: too late to send/recv, messages will be lost

rs\\Maulana\\AppData\\Local\\Temp\\rust_mozprofileGNh8x4"
JavaScript error: resource://gre/modules/XULStore.jsm, line 66: Error: Can't find profile directory.
console.warn: SearchSettings: "get: No settings file exists, new profile?" (new Error("", "(unknown module)"))
1609659873467	Marionette	INFO	Listening on port 52504
1609659873682	Marionette	WARN	TLS certificate errors will be ignored for this session
1609659905750	Marionette	INFO	Stopped listening on port 52504

###!!! [Child][RunMessage] Error: Channel closing: too late to send/recv, messages will be lost

1609659907185	mozrunner::runner	INFO	Running command: "C:\\Program Files\\Mozilla Firefox\\firefox.exe" "-marionette" "-foreground" "-no-remote" "-profile" "C:\\Users\\Maulana\\AppData\\Local\\Temp\\rust_mozprofilecaL2GD"
JavaScript error: resource://gre/modules/XULStore.jsm, line 66: Error: Can't find profile directory.
console.warn: SearchSettings: "get: No settings file exists, new profile?" (new Error("", "(unknown module)"))
1609659909005	Marionette	INFO	Listening on port 52569
1609659909260	Marionette	WARN	TLS certificate errors will be ignored for this session
1609659914492	Marionette	INFO	Stopped listening on port 52569

###!!! [Child][RunMessage] Error: Channel closing: too late to send/recv, messages will be lost

1609659915682	mozrunner::runner	INFO	Running command: "C:\\Program Files\\Mozilla Firefox\\firefox.exe" "-marionette" "-foreground" "-no-remote" "-profile" "C:\\Users\\Maulana\\AppData\\Local\\Temp\\rust_mozprofilejYFEG0"
JavaScript error: resource://gre/modules/XULStore.jsm, line 66: Error: Can't find profile directory.
console.warn: SearchSettings: "get: No settings file exists, new profile?" (new Error("", "(unknown module)"))
1609659917554	Marionette	INFO	Listening on port 52615
1609659917770	Marionette	WARN	TLS certificate errors will be ignored for this session
Can't find symbol 'eglSwapBuffersWithDamageEXT'.
Can't find symbol 'eglSetDamageRegionKHR'.
JavaScript error: resource://gre/actors/AutoCompleteChild.jsm, line 125: Error: Invalid autocomplete selectedIndex
JavaScript error: resource://gre/actors/AutoCompleteChild.jsm, line 125: Error: Invalid autocomplete selectedIndex
JavaScript error: resource://gre/modules/LoginManagerChild.jsm, line 190: NS_ERROR_XPC_JAVASCRIPT_ERROR_WITH_DETAILS: [JavaScript Error: "Invalid autocomplete selectedIndex" {file: "resource://gre/actors/AutoCompleteChild.jsm" line: 125}]'[JavaScript Error: "Invalid autocomplete selectedIndex" {file: "resource://gre/actors/AutoCompleteChild.jsm" line: 125}]' when calling method: [nsIAutoCompletePopup::selectedIndex]
1609659923839	Marionette	INFO	Stopped listening on port 52615
JavaScript error: resource://gre/modules/UrlClassifierListManager.jsm, line 691: TypeError: this.tablesData[table] is undefined

###!!! [Child][RunMessage] Error: Channel closing: too late to send/recv, messages will be lost

1609659925080	mozrunner::runner	INFO	Running command: "C:\\Program Files\\Mozilla Firefox\\firefox.exe" "-marionette" "-foreground" "-no-remote" "-profile" "C:\\Users\\Maulana\\AppData\\Local\\Temp\\rust_mozprofileArx8Sz"
JavaScript error: resource://gre/modules/XULStore.jsm, line 66: Error: Can't find profile directory.
console.warn: SearchSettings: "get: No settings file exists, new profile?" (new Error("", "(unknown module)"))
1609659926965	Marionette	INFO	Listening on port 52677
1609659927160	Marionette	WARN	TLS certificate errors will be ignored for this session
JavaScript error: resource://gre/actors/AutoCompleteChild.jsm, line 125: Error: Invalid autocomplete selectedIndex
JavaScript error: resource://gre/actors/AutoCompleteChild.jsm, line 125: Error: Invalid autocomplete selectedIndex
JavaScript error: resource://gre/modules/LoginManagerChild.jsm, line 190: NS_ERROR_XPC_JAVASCRIPT_ERROR_WITH_DETAILS: [JavaScript Error: "Invalid autocomplete selectedIndex" {file: "resource://gre/actors/AutoCompleteChild.jsm" line: 125}]'[JavaScript Error: "Invalid autocomplete selectedIndex" {file: "resource://gre/actors/AutoCompleteChild.jsm" line: 125}]' when calling method: [nsIAutoCompletePopup::selectedIndex]
1609659939043	Marionette	INFO	Stopped listening on port 52677

###!!! [Child][RunMessage] Error: Channel closing: too late to send/recv, messages will be lost

1609659964480	mozrunner::runner	INFO	Running command: "C:\\Program Files\\Mozilla Firefox\\firefox.exe" "-marionette" "-foreground" "-no-remote" "-profile" "C:\\Users\\Maulana\\AppData\\Local\\Temp\\rust_mozprofiled1wvga"
JavaScript error: resource://gre/modules/XULStore.jsm, line 66: Error: Can't find profile directory.
console.warn: SearchSettings: "get: No settings file exists, new profile?" (new Error("", "(unknown module)"))
1609659966345	Marionette	INFO	Listening on port 52747
1609659966554	Marionette	WARN	TLS certificate errors will be ignored for this session

###!!! [Parent][RunMessage] Error: Channel closing: too late to send/recv, messages will be lost

1609660863808	Marionette	INFO	Stopped listening on port 52747

###!!! [Child][RunMessage] Error: Channel closing: too late to send/recv, messages will be lost

Store.jsm, line 66: Error: Can't find profile directory.
console.warn: SearchSettings: "get: No settings file exists, new profile?" (new Error("", "(unknown module)"))
1609660006765	Marionette	INFO	Listening on port 52822
1609660006868	Marionette	WARN	TLS certificate errors will be ignored for this session
1609660031216	Marionette	INFO	Stopped listening on port 52822

###!!! [Child][RunMessage] Error: Channel closing: too late to send/recv, messages will be lost

1609660034350	mozrunner::runner	INFO	Running command: "C:\\Program Files\\Mozilla Firefox\\firefox.exe" "-marionette" "-foreground" "-no-remote" "-profile" "C:\\Users\\Maulana\\AppData\\Local\\Temp\\rust_mozprofileRFyXt4"
JavaScript error: resource://gre/modules/XULStore.jsm, line 66: Error: Can't find profile directory.
console.warn: SearchSettings: "get: No settings file exists, new profile?" (new Error("", "(unknown module)"))
1609660036278	Marionette	INFO	Listening on port 52894
1609660036426	Marionette	WARN	TLS certificate errors will be ignored for this session
1609660040364	Marionette	INFO	Stopped listening on port 52894
1609660041598	mozrunner::runner	INFO	Running command: "C:\\Program Files\\Mozilla Firefox\\firefox.exe" "-marionette" "-foreground" "-no-remote" "-profile" "C:\\Users\\Maulana\\AppData\\Local\\Temp\\rust_mozprofileZIX9lI"
JavaScript error: resource://gre/modules/XULStore.jsm, line 66: Error: Can't find profile directory.
console.warn: SearchSettings: "get: No settings file exists, new profile?" (new Error("", "(unknown module)"))
1609660043479	Marionette	INFO	Listening on port 52949
1609660043675	Marionette	WARN	TLS certificate errors will be ignored for this session
Can't find symbol 'eglSwapBuffersWithDamageEXT'.
Can't find symbol 'eglSetDamageRegionKHR'.
JavaScript error: resource://gre/actors/AutoCompleteChild.jsm, line 125: Error: Invalid autocomplete selectedIndex
JavaScript error: resource://gre/actors/AutoCompleteChild.jsm, line 125: Error: Invalid autocomplete selectedIndex
JavaScript error: resource://gre/modules/LoginManagerChild.jsm, line 190: NS_ERROR_XPC_JAVASCRIPT_ERROR_WITH_DETAILS: [JavaScript Error: "Invalid autocomplete selectedIndex" {file: "resource://gre/actors/AutoCompleteChild.jsm" line: 125}]'[JavaScript Error: "Invalid autocomplete selectedIndex" {file: "resource://gre/actors/AutoCompleteChild.jsm" line: 125}]' when calling method: [nsIAutoCompletePopup::selectedIndex]
1609660051206	Marionette	INFO	Stopped listening on port 52949

###!!! [Child][RunMessage] Error: Channel closing: too late to send/recv, messages will be lost

1609660052460	mozrunner::runner	INFO	Running command: "C:\\Program Files\\Mozilla Firefox\\firefox.exe" "-marionette" "-foreground" "-no-remote" "-profile" "C:\\Users\\Maulana\\AppData\\Local\\Temp\\rust_mozprofileSmKBiV"
JavaScript error: resource://gre/modules/XULStore.jsm, line 66: Error: Can't find profile directory.
console.warn: SearchSettings: "get: No settings file exists, new profile?" (new Error("", "(unknown module)"))
1609660054353	Marionette	INFO	Listening on port 53011
1609660054533	Marionette	WARN	TLS certificate errors will be ignored for this session
JavaScript error: resource://gre/actors/AutoCompleteChild.jsm, line 125: Error: Invalid autocomplete selectedIndex
JavaScript error: resource://gre/actors/AutoCompleteChild.jsm, line 125: Error: Invalid autocomplete selectedIndex
JavaScript error: resource://gre/modules/LoginManagerChild.jsm, line 190: NS_ERROR_XPC_JAVASCRIPT_ERROR_WITH_DETAILS: [JavaScript Error: "Invalid autocomplete selectedIndex" {file: "resource://gre/actors/AutoCompleteChild.jsm" line: 125}]'[JavaScript Error: "Invalid autocomplete selectedIndex" {file: "resource://gre/actors/AutoCompleteChild.jsm" line: 125}]' when calling method: [nsIAutoCompletePopup::selectedIndex]
1609660070412	Marionette	INFO	Stopped listening on port 53011

###!!! [Child][RunMessage] Error: Channel closing: too late to send/recv, messages will be lost

1609660726718	mozrunner::runner	INFO	Running command: "C:\\Program Files\\Mozilla Firefox\\firefox.exe" "-marionette" "-foreground" "-no-remote" "-profile" "C:\\Users\\Maulana\\AppData\\Local\\Temp\\rust_mozprofileDU01nx"
JavaScript error: resource://gre/modules/XULStore.jsm, line 66: Error: Can't find profile directory.
console.warn: SearchSettings: "get: No settings file exists, new profile?" (new Error("", "(unknown module)"))
1609660728843	Marionette	INFO	Listening on port 53166
1609660728914	Marionette	WARN	TLS certificate errors will be ignored for this session
JavaScript error: resource://activity-stream/lib/ASRouter.jsm, line 987: NS_ERROR_ILLEGAL_VALUE: Component returned failure code: 0x80070057 (NS_ERROR_ILLEGAL_VALUE) [nsIObserverService.removeObserver]
1609660729791	Marionette	INFO	Stopped listening on port 53166

###!!! [Child][RunMessage] Error: Channel closing: too late to send/recv, messages will be lost

1609660759822	mozrunner::runner	INFO	Running command: "C:\\Program Files\\Mozilla Firefox\\firefox.exe" "-marionette" "-foreground" "-no-remote" "-profile" "C:\\Users\\Maulana\\AppData\\Local\\Temp\\rust_mozprofileToLvog"
JavaScript error: resource://gre/modules/XULStore.jsm, line 66: Error: Can't find profile directory.
console.warn: SearchSettings: "get: No settings file exists, new profile?" (new Error("", "(unknown module)"))
1609660761922	Marionette	INFO	Listening on port 53205
1609660762001	Marionette	WARN	TLS certificate errors will be ignored for this session
1609660798435	Marionette	INFO	Stopped listening on port 53205

###!!! [Child][RunMessage] Error: Channel closing: too late to send/recv, messages will be lost

1609660799838	mozrunner::runner	INFO	Running command: "C:\\Program Files\\Mozilla Firefox\\firefox.exe" "-marionette" "-foreground" "-no-remote" "-profile" "C:\\Users\\Maulana\\AppData\\Local\\Temp\\rust_mozprofileGxYTv7"
JavaScript error: resource://gre/modules/XULStore.jsm, line 66: Error: Can't find profile directory.
console.warn: SearchSettings: "get: No settings file exists, new profile?" (new Error("", "(unknown module)"))
1609660801753	Marionette	INFO	Listening on port 53272
1609660801909	Marionette	WARN	TLS certificate errors will be ignored for this session
1609660805895	Marionette	INFO	Stopped listening on port 53272

###!!! [Child][RunMessage] Error: Channel closing: too late to send/recv, messages will be lost

1609660807162	mozrunner::runner	INFO	Running command: "C:\\Program Files\\Mozilla Firefox\\firefox.exe" "-marionette" "-foreground" "-no-remote" "-profile" "C:\\Users\\Maulana\\AppData\\Local\\Temp\\rust_mozprofileayYYV8"
JavaScript error: resource://gre/modules/XULStore.jsm, line 66: Error: Can't find profile directory.
console.warn: SearchSettings: "get: No settings file exists, new profile?" (new Error("", "(unknown module)"))
1609660809133	Marionette	INFO	Listening on port 53317
1609660809240	Marionette	WARN	TLS certificate errors will be ignored for this session
Can't find symbol 'eglSwapBuffersWithDamageEXT'.
Can't find symbol 'eglSetDamageRegionKHR'.
JavaScript error: resource://gre/actors/AutoCompleteChild.jsm, line 125: Error: Invalid autocomplete selectedIndex
JavaScript error: resource://gre/actors/AutoCompleteChild.jsm, line 125: Error: Invalid autocomplete selectedIndex
JavaScript error: resource://gre/modules/LoginManagerChild.jsm, line 190: NS_ERROR_XPC_JAVASCRIPT_ERROR_WITH_DETAILS: [JavaScript Error: "Invalid autocomplete selectedIndex" {file: "resource://gre/actors/AutoCompleteChild.jsm" line: 125}]'[JavaScript Error: "Invalid autocomplete selectedIndex" {file: "resource://gre/actors/AutoCompleteChild.jsm" line: 125}]' when calling method: [nsIAutoCompletePopup::selectedIndex]
1609660817798	Marionette	INFO	Stopped listening on port 53317

###!!! [Child][RunMessage] Error: Channel closing: too late to send/recv, messages will be lost

1609660819018	mozrunner::runner	INFO	Running command: "C:\\Program Files\\Mozilla Firefox\\firefox.exe" "-marionette" "-foreground" "-no-remote" "-profile" "C:\\Users\\Maulana\\AppData\\Local\\Temp\\rust_mozprofileu94OFu"
JavaScript error: resource://gre/modules/XULStore.jsm, line 66: Error: Can't find profile directory.
console.warn: SearchSettings: "get: No settings file exists, new profile?" (new Error("", "(unknown module)"))
1609660820930	Marionette	INFO	Listening on port 53380
1609660821100	Marionette	WARN	TLS certificate errors will be ignored for this session
JavaScript error: resource://gre/actors/AutoCompleteChild.jsm, line 125: Error: Invalid autocomplete selectedIndex
JavaScript error: resource://gre/actors/AutoCompleteChild.jsm, line 125: Error: Invalid autocomplete selectedIndex
JavaScript error: resource://gre/modules/LoginManagerChild.jsm, line 190: NS_ERROR_XPC_JAVASCRIPT_ERROR_WITH_DETAILS: [JavaScript Error: "Invalid autocomplete selectedIndex" {file: "resource://gre/actors/AutoCompleteChild.jsm" line: 125}]'[JavaScript Error: "Invalid autocomplete selectedIndex" {file: "resource://gre/actors/AutoCompleteChild.jsm" line: 125}]' when calling method: [nsIAutoCompletePopup::selectedIndex]
1609660846838	Marionette	INFO	Stopped listening on port 53380

###!!! [Child][RunMessage] Error: Channel closing: too late to send/recv, messages will be lost

1609661158561	mozrunner::runner	INFO	Running command: "C:\\Program Files\\Mozilla Firefox\\firefox.exe" "-marionette" "-foreground" "-no-remote" "-profile" "C:\\Users\\Maulana\\AppData\\Local\\Temp\\rust_mozprofilegIzobq"
JavaScript error: resource://gre/modules/XULStore.jsm, line 66: Error: Can't find profile directory.
console.warn: SearchSettings: "get: No settings file exists, new profile?" (new Error("", "(unknown module)"))
1609661160901	Marionette	INFO	Listening on port 53561
1609661161272	Marionette	WARN	TLS certificate errors will be ignored for this session
1609661183607	Marionette	INFO	Stopped listening on port 53561

###!!! [Child][RunMessage] Error: Channel closing: too late to send/recv, messages will be lost

1609661185038	mozrunner::runner	INFO	Running command: "C:\\Program Files\\Mozilla Firefox\\firefox.exe" "-marionette" "-foreground" "-no-remote" "-profile" "C:\\Users\\Maulana\\AppData\\Local\\Temp\\rust_mozprofileEfyd6z"
JavaScript error: resource://gre/modules/XULStore.jsm, line 66: Error: Can't find profile directory.
console.warn: SearchSettings: "get: No settings file exists, new profile?" (new Error("", "(unknown module)"))
1609661187604	Marionette	INFO	Listening on port 53628
1609661187716	Marionette	WARN	TLS certificate errors will be ignored for this session
1609661192082	Marionette	INFO	Stopped listening on port 53628

###!!! [Child][RunMessage] Error: Channel closing: too late to send/recv, messages will be lost

1609661193359	mozrunner::runner	INFO	Running command: "C:\\Program Files\\Mozilla Firefox\\firefox.exe" "-marionette" "-foreground" "-no-remote" "-profile" "C:\\Users\\Maulana\\AppData\\Local\\Temp\\rust_mozprofileDFHSNo"
JavaScript error: resource://gre/modules/XULStore.jsm, line 66: Error: Can't find profile directory.
console.warn: SearchSettings: "get: No settings file exists, new profile?" (new Error("", "(unknown module)"))
1609661196046	Marionette	INFO	Listening on port 53683
1609661196589	Marionette	WARN	TLS certificate errors will be ignored for this session
Can't find symbol 'eglSwapBuffersWithDamageEXT'.
Can't find symbol 'eglSetDamageRegionKHR'.
JavaScript error: resource://gre/actors/AutoCompleteChild.jsm, line 125: Error: Invalid autocomplete selectedIndex
JavaScript error: resource://gre/actors/AutoCompleteChild.jsm, line 125: Error: Invalid autocomplete selectedIndex
JavaScript error: resource://gre/modules/LoginManagerChild.jsm, line 190: NS_ERROR_XPC_JAVASCRIPT_ERROR_WITH_DETAILS: [JavaScript Error: "Invalid autocomplete selectedIndex" {file: "resource://gre/actors/AutoCompleteChild.jsm" line: 125}]'[JavaScript Error: "Invalid autocomplete selectedIndex" {file: "resource://gre/actors/AutoCompleteChild.jsm" line: 125}]' when calling method: [nsIAutoCompletePopup::selectedIndex]
1609661204749	Marionette	INFO	Stopped listening on port 53683

###!!! [Child][RunMessage] Error: Channel closing: too late to send/recv, messages will be lost

1609661206195	mozrunner::runner	INFO	Running command: "C:\\Program Files\\Mozilla Firefox\\firefox.exe" "-marionette" "-foreground" "-no-remote" "-profile" "C:\\Users\\Maulana\\AppData\\Local\\Temp\\rust_mozprofileu3etOm"
JavaScript error: resource://gre/modules/XULStore.jsm, line 66: Error: Can't find profile directory.
console.warn: SearchSettings: "get: No settings file exists, new profile?" (new Error("", "(unknown module)"))
1609661208680	Marionette	INFO	Listening on port 53746
1609661208932	Marionette	WARN	TLS certificate errors will be ignored for this session
JavaScript error: resource://gre/actors/AutoCompleteChild.jsm, line 125: Error: Invalid autocomplete selectedIndex
JavaScript error: resource://gre/actors/AutoCompleteChild.jsm, line 125: Error: Invalid autocomplete selectedIndex
JavaScript error: resource://gre/modules/LoginManagerChild.jsm, line 190: NS_ERROR_XPC_JAVASCRIPT_ERROR_WITH_DETAILS: [JavaScript Error: "Invalid autocomplete selectedIndex" {file: "resource://gre/actors/AutoCompleteChild.jsm" line: 125}]'[JavaScript Error: "Invalid autocomplete selectedIndex" {file: "resource://gre/actors/AutoCompleteChild.jsm" line: 125}]' when calling method: [nsIAutoCompletePopup::selectedIndex]
1609661222869	Marionette	INFO	Stopped listening on port 53746

###!!! [Child][RunMessage] Error: Channel closing: too late to send/recv, messages will be lost

1609661265632	mozrunner::runner	INFO	Running command: "C:\\Program Files\\Mozilla Firefox\\firefox.exe" "-marionette" "-foreground" "-no-remote" "-profile" "C:\\Users\\Maulana\\AppData\\Local\\Temp\\rust_mozprofile3CGF4e"
JavaScript error: resource://gre/modules/XULStore.jsm, line 66: Error: Can't find profile directory.
console.warn: SearchSettings: "get: No settings file exists, new profile?" (new Error("", "(unknown module)"))
1609661267662	Marionette	INFO	Listening on port 53817
1609661267711	Marionette	WARN	TLS certificate errors will be ignored for this session
1609661287770	Marionette	INFO	Stopped listening on port 53817

###!!! [Child][RunMessage] Error: Channel closing: too late to send/recv, messages will be lost

1609661289235	mozrunner::runner	INFO	Running command: "C:\\Program Files\\Mozilla Firefox\\firefox.exe" "-marionette" "-foreground" "-no-remote" "-profile" "C:\\Users\\Maulana\\AppData\\Local\\Temp\\rust_mozprofile6up45s"
JavaScript error: resource://gre/modules/XULStore.jsm, line 66: Error: Can't find profile directory.
console.warn: SearchSettings: "get: No settings file exists, new profile?" (new Error("", "(unknown module)"))
1609661291747	Marionette	INFO	Listening on port 53879
1609661291929	Marionette	WARN	TLS certificate errors will be ignored for this session
1609661296245	Marionette	INFO	Stopped listening on port 53879

###!!! [Child][RunMessage] Error: Channel closing: too late to send/recv, messages will be lost

1609661297540	mozrunner::runner	INFO	Running command: "C:\\Program Files\\Mozilla Firefox\\firefox.exe" "-marionette" "-foreground" "-no-remote" "-profile" "C:\\Users\\Maulana\\AppData\\Local\\Temp\\rust_mozprofilefBAz6o"
JavaScript error: resource://gre/modules/XULStore.jsm, line 66: Error: Can't find profile directory.
console.warn: SearchSettings: "get: No settings file exists, new profile?" (new Error("", "(unknown module)"))
1609661300104	Marionette	INFO	Listening on port 53934
1609661300285	Marionette	WARN	TLS certificate errors will be ignored for this session
Can't find symbol 'eglSwapBuffersWithDamageEXT'.
Can't find symbol 'eglSetDamageRegionKHR'.
JavaScript error: resource://gre/actors/AutoCompleteChild.jsm, line 125: Error: Invalid autocomplete selectedIndex
JavaScript error: resource://gre/actors/AutoCompleteChild.jsm, line 125: Error: Invalid autocomplete selectedIndex
JavaScript error: resource://gre/modules/LoginManagerChild.jsm, line 190: NS_ERROR_XPC_JAVASCRIPT_ERROR_WITH_DETAILS: [JavaScript Error: "Invalid autocomplete selectedIndex" {file: "resource://gre/actors/AutoCompleteChild.jsm" line: 125}]'[JavaScript Error: "Invalid autocomplete selectedIndex" {file: "resource://gre/actors/AutoCompleteChild.jsm" line: 125}]' when calling method: [nsIAutoCompletePopup::selectedIndex]
1609661309090	Marionette	INFO	Stopped listening on port 53934

###!!! [Child][RunMessage] Error: Channel closing: too late to send/recv, messages will be lost

1609661310405	mozrunner::runner	INFO	Running command: "C:\\Program Files\\Mozilla Firefox\\firefox.exe" "-marionette" "-foreground" "-no-remote" "-profile" "C:\\Users\\Maulana\\AppData\\Local\\Temp\\rust_mozprofilepfBp3K"
JavaScript error: resource://gre/modules/XULStore.jsm, line 66: Error: Can't find profile directory.
console.warn: SearchSettings: "get: No settings file exists, new profile?" (new Error("", "(unknown module)"))
1609661313103	Marionette	INFO	Listening on port 53998
1609661313617	Marionette	WARN	TLS certificate errors will be ignored for this session
JavaScript error: resource://gre/actors/AutoCompleteChild.jsm, line 125: Error: Invalid autocomplete selectedIndex
JavaScript error: resource://gre/actors/AutoCompleteChild.jsm, line 125: Error: Invalid autocomplete selectedIndex
JavaScript error: resource://gre/modules/LoginManagerChild.jsm, line 190: NS_ERROR_XPC_JAVASCRIPT_ERROR_WITH_DETAILS: [JavaScript Error: "Invalid autocomplete selectedIndex" {file: "resource://gre/actors/AutoCompleteChild.jsm" line: 125}]'[JavaScript Error: "Invalid autocomplete selectedIndex" {file: "resource://gre/actors/AutoCompleteChild.jsm" line: 125}]' when calling method: [nsIAutoCompletePopup::selectedIndex]
1609661327176	Marionette	INFO	Stopped listening on port 53998

###!!! [Child][RunMessage] Error: Channel closing: too late to send/recv, messages will be lost

1609661386244	mozrunner::runner	INFO	Running command: "C:\\Program Files\\Mozilla Firefox\\firefox.exe" "-marionette" "-foreground" "-no-remote" "-profile" "C:\\Users\\Maulana\\AppData\\Local\\Temp\\rust_mozprofilequw3rR"
JavaScript error: resource://gre/modules/XULStore.jsm, line 66: Error: Can't find profile directory.
console.warn: SearchSettings: "get: No settings file exists, new profile?" (new Error("", "(unknown module)"))
1609661388115	Marionette	INFO	Listening on port 54097
1609661388343	Marionette	WARN	TLS certificate errors will be ignored for this session
1609661407324	Marionette	INFO	Stopped listening on port 54097

###!!! [Child][RunMessage] Error: Channel closing: too late to send/recv, messages will be lost

1609661408737	mozrunner::runner	INFO	Running command: "C:\\Program Files\\Mozilla Firefox\\firefox.exe" "-marionette" "-foreground" "-no-remote" "-profile" "C:\\Users\\Maulana\\AppData\\Local\\Temp\\rust_mozprofilebYuwkg"
JavaScript error: resource://gre/modules/XULStore.jsm, line 66: Error: Can't find profile directory.
console.warn: SearchSettings: "get: No settings file exists, new profile?" (new Error("", "(unknown module)"))
1609661411088	Marionette	INFO	Listening on port 54160
1609661411443	Marionette	WARN	TLS certificate errors will be ignored for this session
1609661416335	Marionette	INFO	Stopped listening on port 54160

###!!! [Child][RunMessage] Error: Channel closing: too late to send/recv, messages will be lost

1609661417587	mozrunner::runner	INFO	Running command: "C:\\Program Files\\Mozilla Firefox\\firefox.exe" "-marionette" "-foreground" "-no-remote" "-profile" "C:\\Users\\Maulana\\AppData\\Local\\Temp\\rust_mozprofileMKHLwN"
JavaScript error: resource://gre/modules/XULStore.jsm, line 66: Error: Can't find profile directory.
console.warn: SearchSettings: "get: No settings file exists, new profile?" (new Error("", "(unknown module)"))
1609661419986	Marionette	INFO	Listening on port 54219
1609661420346	Marionette	WARN	TLS certificate errors will be ignored for this session
Can't find symbol 'eglSwapBuffersWithDamageEXT'.
Can't find symbol 'eglSetDamageRegionKHR'.
JavaScript error: resource://gre/actors/AutoCompleteChild.jsm, line 125: Error: Invalid autocomplete selectedIndex
JavaScript error: resource://gre/actors/AutoCompleteChild.jsm, line 125: Error: Invalid autocomplete selectedIndex
JavaScript error: resource://gre/modules/LoginManagerChild.jsm, line 190: NS_ERROR_XPC_JAVASCRIPT_ERROR_WITH_DETAILS: [JavaScript Error: "Invalid autocomplete selectedIndex" {file: "resource://gre/actors/AutoCompleteChild.jsm" line: 125}]'[JavaScript Error: "Invalid autocomplete selectedIndex" {file: "resource://gre/actors/AutoCompleteChild.jsm" line: 125}]' when calling method: [nsIAutoCompletePopup::selectedIndex]
1609661428670	Marionette	INFO	Stopped listening on port 54219

###!!! [Child][RunMessage] Error: Channel closing: too late to send/recv, messages will be lost

1609661429991	mozrunner::runner	INFO	Running command: "C:\\Program Files\\Mozilla Firefox\\firefox.exe" "-marionette" "-foreground" "-no-remote" "-profile" "C:\\Users\\Maulana\\AppData\\Local\\Temp\\rust_mozprofile3LfRkD"
JavaScript error: resource://gre/modules/XULStore.jsm, line 66: Error: Can't find profile directory.
console.warn: SearchSettings: "get: No settings file exists, new profile?" (new Error("", "(unknown module)"))
1609661432321	Marionette	INFO	Listening on port 54284
1609661432727	Marionette	WARN	TLS certificate errors will be ignored for this session
JavaScript error: resource://gre/actors/AutoCompleteChild.jsm, line 125: Error: Invalid autocomplete selectedIndex
JavaScript error: resource://gre/actors/AutoCompleteChild.jsm, line 125: Error: Invalid autocomplete selectedIndex
JavaScript error: resource://gre/modules/LoginManagerChild.jsm, line 190: NS_ERROR_XPC_JAVASCRIPT_ERROR_WITH_DETAILS: [JavaScript Error: "Invalid autocomplete selectedIndex" {file: "resource://gre/actors/AutoCompleteChild.jsm" line: 125}]'[JavaScript Error: "Invalid autocomplete selectedIndex" {file: "resource://gre/actors/AutoCompleteChild.jsm" line: 125}]' when calling method: [nsIAutoCompletePopup::selectedIndex]
1609661456993	Marionette	INFO	Stopped listening on port 54284

###!!! [Child][RunMessage] Error: Channel closing: too late to send/recv, messages will be lost

1609776006392	mozrunner::runner	INFO	Running command: "C:\\Program Files\\Mozilla Firefox\\firefox.exe" "-marionette" "-foreground" "-no-remote" "-profile" "C:\\Users\\Maulana\\AppData\\Local\\Temp\\rust_mozprofileZvN5fW"
JavaScript error: resource://gre/modules/XULStore.jsm, line 66: Error: Can't find profile directory.
console.warn: SearchSettings: "get: No settings file exists, new profile?" (new Error("", "(unknown module)"))
1609776010475	Marionette	INFO	Listening on port 54778
1609776010634	Marionette	WARN	TLS certificate errors will be ignored for this session
1609776012787	Marionette	INFO	Stopped listening on port 54778

###!!! [Child][RunMessage] Error: Channel closing: too late to send/recv, messages will be lost

1609945956253	mozrunner::runner	INFO	Running command: "C:\\Program Files\\Mozilla Firefox\\firefox.exe" "-marionette" "-foreground" "-no-remote" "-profile" "C:\\Users\\Maulana\\AppData\\Local\\Temp\\rust_mozprofileLR8sJP"
JavaScript error: resource://gre/modules/XULStore.jsm, line 66: Error: Can't find profile directory.
console.warn: SearchSettings: "get: No settings file exists, new profile?" (new Error("", "(unknown module)"))
1609945959469	Marionette	INFO	Listening on port 50363
1609945960026	Marionette	WARN	TLS certificate errors will be ignored for this session
1609945984173	Marionette	INFO	Stopped listening on port 50363

###!!! [Child][RunMessage] Error: Channel closing: too late to send/recv, messages will be lost

1609945985543	mozrunner::runner	INFO	Running command: "C:\\Program Files\\Mozilla Firefox\\firefox.exe" "-marionette" "-foreground" "-no-remote" "-profile" "C:\\Users\\Maulana\\AppData\\Local\\Temp\\rust_mozprofilenJdNEu"
JavaScript error: resource://gre/modules/XULStore.jsm, line 66: Error: Can't find profile directory.
console.warn: SearchSettings: "get: No settings file exists, new profile?" (new Error("", "(unknown module)"))
1609945987622	Marionette	INFO	Listening on port 50434
1609945987741	Marionette	WARN	TLS certificate errors will be ignored for this session
1609945994061	Marionette	INFO	Stopped listening on port 50434
1609945995455	mozrunner::runner	INFO	Running command: "C:\\Program Files\\Mozilla Firefox\\firefox.exe" "-marionette" "-foreground" "-no-remote" "-profile" "C:\\Users\\Maulana\\AppData\\Local\\Temp\\rust_mozprofileDKBrQs"
JavaScript error: resource://gre/modules/XULStore.jsm, line 66: Error: Can't find profile directory.
console.warn: SearchSettings: "get: No settings file exists, new profile?" (new Error("", "(unknown module)"))
1609945997551	Marionette	INFO	Listening on port 50484
1609945997634	Marionette	WARN	TLS certificate errors will be ignored for this session
Can't find symbol 'eglSwapBuffersWithDamageEXT'.
Can't find symbol 'eglSetDamageRegionKHR'.
JavaScript error: resource://gre/actors/AutoCompleteChild.jsm, line 125: Error: Invalid autocomplete selectedIndex
JavaScript error: resource://gre/actors/AutoCompleteChild.jsm, line 125: Error: Invalid autocomplete selectedIndex
JavaScript error: resource://gre/modules/LoginManagerChild.jsm, line 190: NS_ERROR_XPC_JAVASCRIPT_ERROR_WITH_DETAILS: [JavaScript Error: "Invalid autocomplete selectedIndex" {file: "resource://gre/actors/AutoCompleteChild.jsm" line: 125}]'[JavaScript Error: "Invalid autocomplete selectedIndex" {file: "resource://gre/actors/AutoCompleteChild.jsm" line: 125}]' when calling method: [nsIAutoCompletePopup::selectedIndex]
1609946011920	Marionette	INFO	Stopped listening on port 50484

###!!! [Child][RunMessage] Error: Channel closing: too late to send/recv, messages will be lost

1609946013244	mozrunner::runner	INFO	Running command: "C:\\Program Files\\Mozilla Firefox\\firefox.exe" "-marionette" "-foreground" "-no-remote" "-profile" "C:\\Users\\Maulana\\AppData\\Local\\Temp\\rust_mozprofileKmteRb"
JavaScript error: resource://gre/modules/XULStore.jsm, line 66: Error: Can't find profile directory.
console.warn: SearchSettings: "get: No settings file exists, new profile?" (new Error("", "(unknown module)"))
1609946015342	Marionette	INFO	Listening on port 50542
1609946015432	Marionette	WARN	TLS certificate errors will be ignored for this session
JavaScript error: , line 0: NotFoundError: No such JSWindowActor 'MarionetteEvents'
JavaScript error: resource://gre/actors/AutoCompleteChild.jsm, line 125: Error: Invalid autocomplete selectedIndex
JavaScript error: resource://gre/actors/AutoCompleteChild.jsm, line 125: Error: Invalid autocomplete selectedIndex
JavaScript error: resource://gre/modules/LoginManagerChild.jsm, line 190: NS_ERROR_XPC_JAVASCRIPT_ERROR_WITH_DETAILS: [JavaScript Error: "Invalid autocomplete selectedIndex" {file: "resource://gre/actors/AutoCompleteChild.jsm" line: 125}]'[JavaScript Error: "Invalid autocomplete selectedIndex" {file: "resource://gre/actors/AutoCompleteChild.jsm" line: 125}]' when calling method: [nsIAutoCompletePopup::selectedIndex]
1609946037895	Marionette	INFO	Stopped listening on port 50542

###!!! [Child][RunMessage] Error: Channel closing: too late to send/recv, messages will be lost

1609946557660	mozrunner::runner	INFO	Running command: "C:\\Program Files\\Mozilla Firefox\\firefox.exe" "-marionette" "-foreground" "-no-remote" "-profile" "C:\\Users\\Maulana\\AppData\\Local\\Temp\\rust_mozprofilebh0FEL"
JavaScript error: resource://gre/modules/XULStore.jsm, line 66: Error: Can't find profile directory.
console.warn: SearchSettings: "get: No settings file exists, new profile?" (new Error("", "(unknown module)"))
1609946559774	Marionette	INFO	Listening on port 50750
1609946559870	Marionette	WARN	TLS certificate errors will be ignored for this session
1609946577489	Marionette	INFO	Stopped listening on port 50750

###!!! [Child][RunMessage] Error: Channel closing: too late to send/recv, messages will be lost

1609946578871	mozrunner::runner	INFO	Running command: "C:\\Program Files\\Mozilla Firefox\\firefox.exe" "-marionette" "-foreground" "-no-remote" "-profile" "C:\\Users\\Maulana\\AppData\\Local\\Temp\\rust_mozprofileUho8xk"
JavaScript error: resource://gre/modules/XULStore.jsm, line 66: Error: Can't find profile directory.
console.warn: SearchSettings: "get: No settings file exists, new profile?" (new Error("", "(unknown module)"))
1609946581000	Marionette	INFO	Listening on port 50821
1609946581082	Marionette	WARN	TLS certificate errors will be ignored for this session
1609946586873	Marionette	INFO	Stopped listening on port 50821

###!!! [Child][RunMessage] Error: Channel closing: too late to send/recv, messages will be lost

1609946588161	mozrunner::runner	INFO	Running command: "C:\\Program Files\\Mozilla Firefox\\firefox.exe" "-marionette" "-foreground" "-no-remote" "-profile" "C:\\Users\\Maulana\\AppData\\Local\\Temp\\rust_mozprofileccaCpB"
JavaScript error: resource://gre/modules/XULStore.jsm, line 66: Error: Can't find profile directory.
console.warn: SearchSettings: "get: No settings file exists, new profile?" (new Error("", "(unknown module)"))
1609946590214	Marionette	INFO	Listening on port 50870
1609946590342	Marionette	WARN	TLS certificate errors will be ignored for this session
Can't find symbol 'eglSwapBuffersWithDamageEXT'.
Can't find symbol 'eglSetDamageRegionKHR'.
JavaScript error: resource://gre/actors/AutoCompleteChild.jsm, line 125: Error: Invalid autocomplete selectedIndex
JavaScript error: resource://gre/actors/AutoCompleteChild.jsm, line 125: Error: Invalid autocomplete selectedIndex
JavaScript error: resource://gre/modules/LoginManagerChild.jsm, line 190: NS_ERROR_XPC_JAVASCRIPT_ERROR_WITH_DETAILS: [JavaScript Error: "Invalid autocomplete selectedIndex" {file: "resource://gre/actors/AutoCompleteChild.jsm" line: 125}]'[JavaScript Error: "Invalid autocomplete selectedIndex" {file: "resource://gre/actors/AutoCompleteChild.jsm" line: 125}]' when calling method: [nsIAutoCompletePopup::selectedIndex]
1609946600434	Marionette	INFO	Stopped listening on port 50870

###!!! [Child][RunMessage] Error: Channel closing: too late to send/recv, messages will be lost

1609946601763	mozrunner::runner	INFO	Running command: "C:\\Program Files\\Mozilla Firefox\\firefox.exe" "-marionette" "-foreground" "-no-remote" "-profile" "C:\\Users\\Maulana\\AppData\\Local\\Temp\\rust_mozprofilexigvnC"
JavaScript error: resource://gre/modules/XULStore.jsm, line 66: Error: Can't find profile directory.
console.warn: SearchSettings: "get: No settings file exists, new profile?" (new Error("", "(unknown module)"))
1609946603811	Marionette	INFO	Listening on port 50937
1609946603842	Marionette	WARN	TLS certificate errors will be ignored for this session
JavaScript error: resource://gre/actors/AutoCompleteChild.jsm, line 125: Error: Invalid autocomplete selectedIndex
JavaScript error: resource://gre/actors/AutoCompleteChild.jsm, line 125: Error: Invalid autocomplete selectedIndex
JavaScript error: resource://gre/modules/LoginManagerChild.jsm, line 190: NS_ERROR_XPC_JAVASCRIPT_ERROR_WITH_DETAILS: [JavaScript Error: "Invalid autocomplete selectedIndex" {file: "resource://gre/actors/AutoCompleteChild.jsm" line: 125}]'[JavaScript Error: "Invalid autocomplete selectedIndex" {file: "resource://gre/actors/AutoCompleteChild.jsm" line: 125}]' when calling method: [nsIAutoCompletePopup::selectedIndex]

###!!! [Child][MessageChannel] Error: (msgtype=0x3A014B,name=PContent::Msg_DiscardBrowsingContext) Closed channel: cannot send/recv


###!!! [Child][MessageChannel] Error: (msgtype=0x3A014B,name=PContent::Msg_DiscardBrowsingContext) Closed channel: cannot send/recv


###!!! [Child][MessageChannel] Error: (msgtype=0x3A014B,name=PContent::Msg_DiscardBrowsingContext) Closed channel: cannot send/recv


###!!! [Child][MessageChannel] Error: (msgtype=0x57001B,name=PHal::Msg_DisableSensorNotifications) Closed channel: cannot send/recv


###!!! [Child][MessageChannel] Error: (msgtype=0x57001B,name=PHal::Msg_DisableSensorNotifications) Closed channel: cannot send/recv


###!!! [Child][MessageChannel] Error: (msgtype=0x57001B,name=PHal::Msg_DisableSensorNotifications) Closed channel: cannot send/recv


###!!! [Child][MessageChannel] Error: (msgtype=0x57001B,name=PHal::Msg_DisableSensorNotifications) Closed channel: cannot send/recv


###!!! [Child][MessageChannel] Error: (msgtype=0x3A014B,name=PContent::Msg_DiscardBrowsingContext) Closed channel: cannot send/recv


###!!! [Child][MessageChannel] Error: (msgtype=0x3A015D,name=PContent::Msg_CommitWindowContextTransaction) Closed channel: cannot send/recv

03397	Marionette	WARN	TLS certificate errors will be ignored for this session
1609948906515	Marionette	INFO	Stopped listening on port 51706

###!!! [Child][RunMessage] Error: Channel closing: too late to send/recv, messages will be lost

1609948907844	mozrunner::runner	INFO	Running command: "C:\\Program Files\\Mozilla Firefox\\firefox.exe" "-marionette" "-foreground" "-no-remote" "-profile" "C:\\Users\\Maulana\\AppData\\Local\\Temp\\rust_mozprofile4SWLex"
JavaScript error: resource://gre/modules/XULStore.jsm, line 66: Error: Can't find profile directory.
console.warn: SearchSettings: "get: No settings file exists, new profile?" (new Error("", "(unknown module)"))
1609948909828	Marionette	INFO	Listening on port 51757
1609948909919	Marionette	WARN	TLS certificate errors will be ignored for this session
Can't find symbol 'eglSwapBuffersWithDamageEXT'.
Can't find symbol 'eglSetDamageRegionKHR'.
JavaScript error: resource://gre/actors/AutoCompleteChild.jsm, line 125: Error: Invalid autocomplete selectedIndex
JavaScript error: resource://gre/actors/AutoCompleteChild.jsm, line 125: Error: Invalid autocomplete selectedIndex
JavaScript error: resource://gre/modules/LoginManagerChild.jsm, line 190: NS_ERROR_XPC_JAVASCRIPT_ERROR_WITH_DETAILS: [JavaScript Error: "Invalid autocomplete selectedIndex" {file: "resource://gre/actors/AutoCompleteChild.jsm" line: 125}]'[JavaScript Error: "Invalid autocomplete selectedIndex" {file: "resource://gre/actors/AutoCompleteChild.jsm" line: 125}]' when calling method: [nsIAutoCompletePopup::selectedIndex]
1609948914801	Marionette	INFO	Stopped listening on port 51757

###!!! [Child][RunMessage] Error: Channel closing: too late to send/recv, messages will be lost

1609948915971	mozrunner::runner	INFO	Running command: "C:\\Program Files\\Mozilla Firefox\\firefox.exe" "-marionette" "-foreground" "-no-remote" "-profile" "C:\\Users\\Maulana\\AppData\\Local\\Temp\\rust_mozprofile7r79wi"
JavaScript error: resource://gre/modules/XULStore.jsm, line 66: Error: Can't find profile directory.
console.warn: SearchSettings: "get: No settings file exists, new profile?" (new Error("", "(unknown module)"))
1609948917895	Marionette	INFO	Listening on port 51820
1609948918107	Marionette	WARN	TLS certificate errors will be ignored for this session
JavaScript error: resource://gre/actors/AutoCompleteChild.jsm, line 125: Error: Invalid autocomplete selectedIndex
JavaScript error: resource://gre/actors/AutoCompleteChild.jsm, line 125: Error: Invalid autocomplete selectedIndex
JavaScript error: resource://gre/modules/LoginManagerChild.jsm, line 190: NS_ERROR_XPC_JAVASCRIPT_ERROR_WITH_DETAILS: [JavaScript Error: "Invalid autocomplete selectedIndex" {file: "resource://gre/actors/AutoCompleteChild.jsm" line: 125}]'[JavaScript Error: "Invalid autocomplete selectedIndex" {file: "resource://gre/actors/AutoCompleteChild.jsm" line: 125}]' when calling method: [nsIAutoCompletePopup::selectedIndex]
1609948931900	Marionette	INFO	Stopped listening on port 51820

###!!! [Child][RunMessage] Error: Channel closing: too late to send/recv, messages will be lost

